#
# There is insufficient memory for the Java Runtime Environment to continue.
# Native memory allocation (mmap) failed to map 264241152 bytes for G1 virtual space
# Possible reasons:
#   The system is out of physical RAM or swap space
#   The process is running with CompressedOops enabled, and the Java Heap may be blocking the growth of the native heap
# Possible solutions:
#   Reduce memory load on the system
#   Increase physical memory or swap space
#   Check if swap backing store is full
#   Decrease Java heap size (-Xmx/-Xms)
#   Decrease number of Java threads
#   Decrease Java thread stack sizes (-Xss)
#   Set larger code cache with -XX:ReservedCodeCacheSize=
#   JVM is running with Zero Based Compressed Oops mode in which the Java heap is
#     placed in the first 32GB address space. The Java Heap base address is the
#     maximum limit for the native heap growth. Please use -XX:HeapBaseMinAddress
#     to set the Java Heap base and to place the Java Heap above 32GB virtual address.
# This output file may be truncated or incomplete.
#
#  Out of Memory Error (os_windows.cpp:3771), pid=440768, tid=440460
#
# JRE version:  (17.0.7) (build )
# Java VM: OpenJDK 64-Bit Server VM (17.0.7+0-b2043.56-10550314, mixed mode, sharing, tiered, compressed oops, compressed class ptrs, g1 gc, windows-amd64)
# No core dump will be written. Minidumps are not enabled by default on client versions of Windows
#

---------------  S U M M A R Y ------------

Command Line: org.jetbrains.kotlin.cli.jvm.K2JVMCompiler @E:\LIC Development\ECommerceApp\app\build\20240111_9627322037579303071.compiler.options

Host: 12th Gen Intel(R) Core(TM) i5-12400, 12 cores, 15G,  Windows 11 , 64 bit Build 22621 (10.0.22621.2506)
Time: Thu Jan 11 16:15:44 2024 India Standard Time elapsed time: 0.143792 seconds (0d 0h 0m 0s)

---------------  T H R E A D  ---------------

Current thread (0x00000267600743a0):  JavaThread "Unknown thread" [_thread_in_vm, id=440460, stack(0x000000a669e00000,0x000000a669f00000)]

Stack: [0x000000a669e00000,0x000000a669f00000]
Native frames: (J=compiled Java code, j=interpreted, Vv=VM code, C=native code)
V  [jvm.dll+0x683bfa]
V  [jvm.dll+0x8430a4]
V  [jvm.dll+0x8449be]
V  [jvm.dll+0x845023]
V  [jvm.dll+0x24ad2f]
V  [jvm.dll+0x680ac9]
V  [jvm.dll+0x67519a]
V  [jvm.dll+0x30b3cb]
V  [jvm.dll+0x312876]
V  [jvm.dll+0x36221e]
V  [jvm.dll+0x36244f]
V  [jvm.dll+0x2e14a8]
V  [jvm.dll+0x2e2414]
V  [jvm.dll+0x814391]
V  [jvm.dll+0x36ffe1]
V  [jvm.dll+0x7f396c]
V  [jvm.dll+0x3f305f]
V  [jvm.dll+0x3f4b91]
C  [jli.dll+0x528f]
C  [ucrtbase.dll+0x29363]
C  [KERNEL32.DLL+0x1257d]
C  [ntdll.dll+0x5aa58]


---------------  P R O C E S S  ---------------

Threads class SMR info:
_java_thread_list=0x00007ffb97b4d098, length=0, elements={
}

Java Threads: ( => current thread )

Other Threads:
  0x00000267600bb2b0 GCTaskThread "GC Thread#0" [stack: 0x000000a669f00000,0x000000a66a000000] [id=441196]
  0x000002677bf94cc0 ConcurrentGCThread "G1 Main Marker" [stack: 0x000000a66a000000,0x000000a66a100000] [id=441172]
  0x00000267600bd140 ConcurrentGCThread "G1 Conc#0" [stack: 0x000000a66a100000,0x000000a66a200000] [id=391056]

[error occurred during error reporting (printing all threads), id 0xc0000005, EXCEPTION_ACCESS_VIOLATION (0xc0000005) at pc=0x00007ffb97302087]

VM state: not at safepoint (not fully initialized)

VM Mutex/Monitor currently owned by a thread:  ([mutex/lock_event])
[0x00000267600732d0] Heap_lock - owner thread: 0x00000267600743a0

Heap address: 0x0000000704e00000, size: 4018 MB, Compressed Oops mode: Zero based, Oop shift amount: 3

CDS archive(s) mapped at: [0x0000000000000000-0x0000000000000000-0x0000000000000000), size 0, SharedBaseAddress: 0x0000000800000000, ArchiveRelocationMode: 0.
Narrow klass base: 0x0000000000000000, Narrow klass shift: 0, Narrow klass range: 0x0

GC Precious Log:
<Empty>

Heap:
 garbage-first heap   total 0K, used 0K [0x0000000704e00000, 0x0000000800000000)
  region size 2048K, 0 young (0K), 0 survivors (0K)
 Metaspace       used 0K, committed 0K, reserved 0K
  class space    used 0K, committed 0K, reserved 0K

Heap Regions: E=young(eden), S=young(survivor), O=old, HS=humongous(starts), HC=humongous(continues), CS=collection set, F=free, OA=open archive, CA=closed archive, TAMS=top-at-mark-start (previous, next)

Card table byte_map: [0x0000026773200000,0x00000267739e0000] _byte_map_base: 0x000002676f9d9000

Marking Bits (Prev, Next): (CMBitMap*) 0x00000267600bb7d0, (CMBitMap*) 0x00000267600bb810
 Prev Bits: [0x00000267741c0000, 0x0000026778088000)
 Next Bits: [0x0000026778090000, 0x000002677bf58000)

GC Heap History (0 events):
No events

Dll operation events (1 events):
Event: 0.136 Loaded shared library C:\Program Files\Android\Android Studio\jbr\bin\java.dll

Deoptimization events (0 events):
No events

Classes unloaded (0 events):
No events

Classes redefined (0 events):
No events

Internal exceptions (0 events):
No events

VM Operations (0 events):
No events

Events (0 events):
No events


Dynamic libraries:
0x00007ff7f0550000 - 0x00007ff7f055a000 	C:\Program Files\Android\Android Studio\jbr\bin\java.exe
0x00007ffbf8b10000 - 0x00007ffbf8d27000 	C:\windows\SYSTEM32\ntdll.dll
0x00007ffbf8100000 - 0x00007ffbf81c4000 	C:\windows\System32\KERNEL32.DLL
0x00007ffbf5f30000 - 0x00007ffbf62d5000 	C:\windows\System32\KERNELBASE.dll
0x00007ffbf6470000 - 0x00007ffbf6581000 	C:\windows\System32\ucrtbase.dll
0x00007ffbdc1a0000 - 0x00007ffbdc1bb000 	C:\Program Files\Android\Android Studio\jbr\bin\VCRUNTIME140.dll
0x00007ffbdf950000 - 0x00007ffbdf967000 	C:\Program Files\Android\Android Studio\jbr\bin\jli.dll
0x00007ffbf78a0000 - 0x00007ffbf7a4e000 	C:\windows\System32\USER32.dll
0x00007ffbf5f00000 - 0x00007ffbf5f26000 	C:\windows\System32\win32u.dll
0x00007ffbf80d0000 - 0x00007ffbf80f9000 	C:\windows\System32\GDI32.dll
0x00007ffbf62e0000 - 0x00007ffbf63f9000 	C:\windows\System32\gdi32full.dll
0x00007ffbf6700000 - 0x00007ffbf679a000 	C:\windows\System32\msvcp_win.dll
0x00007ffbdc570000 - 0x00007ffbdc803000 	C:\windows\WinSxS\amd64_microsoft.windows.common-controls_6595b64144ccf1df_6.0.22621.2506_none_270c5ae97388e100\COMCTL32.dll
0x00007ffbf81d0000 - 0x00007ffbf8277000 	C:\windows\System32\msvcrt.dll
0x00007ffbf83d0000 - 0x00007ffbf8401000 	C:\windows\System32\IMM32.DLL
0x00007ffbec4f0000 - 0x00007ffbec65b000 	C:\windows\system32\tmumh\20019\AddOn\8.55.0.1129\TmUmEvt64.dll
0x00007ffbf8880000 - 0x00007ffbf8888000 	C:\windows\System32\PSAPI.DLL
0x00007ffbf8a10000 - 0x00007ffbf8ac1000 	C:\windows\System32\ADVAPI32.dll
0x00007ffbf7370000 - 0x00007ffbf7416000 	C:\windows\System32\sechost.dll
0x00007ffbf8280000 - 0x00007ffbf8397000 	C:\windows\System32\RPCRT4.dll
0x0000000058430000 - 0x00000000585a3000 	C:\windows\system32\tmumh\20019\TmMon\2.9.0.1048\tmmon64.dll
0x00007ffbf0070000 - 0x00007ffbf007c000 	C:\Program Files\Android\Android Studio\jbr\bin\vcruntime140_1.dll
0x00007ffbb9160000 - 0x00007ffbb91ed000 	C:\Program Files\Android\Android Studio\jbr\bin\msvcp140.dll
0x00007ffb97010000 - 0x00007ffb97c90000 	C:\Program Files\Android\Android Studio\jbr\bin\server\jvm.dll
0x00007ffbd8c10000 - 0x00007ffbd8c19000 	C:\windows\SYSTEM32\WSOCK32.dll
0x00007ffbf8990000 - 0x00007ffbf8a01000 	C:\windows\System32\WS2_32.dll
0x00007ffbe25a0000 - 0x00007ffbe25d4000 	C:\windows\SYSTEM32\WINMM.dll
0x00007ffbf1b60000 - 0x00007ffbf1b6a000 	C:\windows\SYSTEM32\VERSION.dll
0x00007ffbf4de0000 - 0x00007ffbf4df8000 	C:\windows\SYSTEM32\kernel.appcore.dll
0x00007ffbe4850000 - 0x00007ffbe485a000 	C:\Program Files\Android\Android Studio\jbr\bin\jimage.dll
0x00007ffbe7ad0000 - 0x00007ffbe7d03000 	C:\windows\SYSTEM32\DBGHELP.DLL
0x00007ffbf7d40000 - 0x00007ffbf80c9000 	C:\windows\System32\combase.dll
0x00007ffbf7290000 - 0x00007ffbf7367000 	C:\windows\System32\OLEAUT32.dll
0x00007ffbe3120000 - 0x00007ffbe3152000 	C:\windows\SYSTEM32\dbgcore.DLL
0x00007ffbf5e80000 - 0x00007ffbf5efa000 	C:\windows\System32\bcryptPrimitives.dll
0x00007ffbe47d0000 - 0x00007ffbe47f5000 	C:\Program Files\Android\Android Studio\jbr\bin\java.dll

dbghelp: loaded successfully - version: 4.0.5 - missing functions: none
symbol engine: initialized successfully - sym options: 0x614 - pdb path: .;C:\Program Files\Android\Android Studio\jbr\bin;C:\windows\SYSTEM32;C:\windows\WinSxS\amd64_microsoft.windows.common-controls_6595b64144ccf1df_6.0.22621.2506_none_270c5ae97388e100;C:\windows\system32\tmumh\20019\AddOn\8.55.0.1129;C:\windows\system32\tmumh\20019\TmMon\2.9.0.1048;C:\Program Files\Android\Android Studio\jbr\bin\server

VM Arguments:
java_command: org.jetbrains.kotlin.cli.jvm.K2JVMCompiler @E:\LIC Development\ECommerceApp\app\build\20240111_9627322037579303071.compiler.options
java_class_path (initial): C:\Users\naveen.kumar3\.gradle\caches\modules-2\files-2.1\org.jetbrains.kotlin\kotlin-compiler-embeddable\1.9.22\9cd4dc7773cf2a99ecd961a88fbbc9a2da3fb5e1\kotlin-compiler-embeddable-1.9.22.jar;C:\Users\naveen.kumar3\.gradle\caches\modules-2\files-2.1\org.jetbrains.kotlin\kotlin-stdlib\1.9.22\d6c44cd08d8f3f9bece8101216dbe6553365c6e3\kotlin-stdlib-1.9.22.jar;C:\Users\naveen.kumar3\.gradle\caches\modules-2\files-2.1\org.jetbrains.kotlin\kotlin-script-runtime\1.9.22\f8139a46fc677ec9badc49ae954392f4f5e7e7c7\kotlin-script-runtime-1.9.22.jar;C:\Users\naveen.kumar3\.gradle\caches\modules-2\files-2.1\org.jetbrains.kotlin\kotlin-reflect\1.6.10\1cbe9c92c12a94eea200d23c2bbaedaf3daf5132\kotlin-reflect-1.6.10.jar;C:\Users\naveen.kumar3\.gradle\caches\modules-2\files-2.1\org.jetbrains.kotlin\kotlin-daemon-embeddable\1.9.22\20e2c5df715f3240c765cfc222530e2796542021\kotlin-daemon-embeddable-1.9.22.jar;C:\Users\naveen.kumar3\.gradle\caches\modules-2\files-2.1\org.jetbrains.intellij.deps\trove4j\1.0.20200330\3afb14d5f9ceb459d724e907a21145e8ff394f02\trove4j-1.0.20200330.jar;C:\Users\naveen.kumar3\.gradle\caches\modules-2\files-2.1\org.jetbrains\annotations\13.0\919f0dfe192fb4e063e7dacadee7f8bb9a2672a9\annotations-13.0.jar
Launcher Type: SUN_STANDARD

[Global flags]
     intx CICompilerCount                          = 4                                         {product} {ergonomic}
     uint ConcGCThreads                            = 3                                         {product} {ergonomic}
     uint G1ConcRefinementThreads                  = 10                                        {product} {ergonomic}
   size_t G1HeapRegionSize                         = 2097152                                   {product} {ergonomic}
    uintx GCDrainStackTargetSize                   = 64                                        {product} {ergonomic}
   size_t InitialHeapSize                          = 264241152                                 {product} {ergonomic}
   size_t MarkStackSize                            = 4194304                                   {product} {ergonomic}
   size_t MaxHeapSize                              = 4213178368                                {product} {ergonomic}
   size_t MinHeapDeltaBytes                        = 2097152                                   {product} {ergonomic}
   size_t MinHeapSize                              = 8388608                                   {product} {ergonomic}
    uintx NonNMethodCodeHeapSize                   = 5839372                                {pd product} {ergonomic}
    uintx NonProfiledCodeHeapSize                  = 122909434                              {pd product} {ergonomic}
    uintx ProfiledCodeHeapSize                     = 122909434                              {pd product} {ergonomic}
    uintx ReservedCodeCacheSize                    = 251658240                              {pd product} {ergonomic}
     bool SegmentedCodeCache                       = true                                      {product} {ergonomic}
   size_t SoftMaxHeapSize                          = 4213178368                             {manageable} {ergonomic}
     bool UseCompressedClassPointers               = true                           {product lp64_product} {ergonomic}
     bool UseCompressedOops                        = true                           {product lp64_product} {ergonomic}
     bool UseG1GC                                  = true                                      {product} {ergonomic}
     bool UseLargePagesIndividualAllocation        = false                                  {pd product} {ergonomic}

Logging:
Log output configuration:
 #0: stdout all=warning uptime,level,tags
 #1: stderr all=off uptime,level,tags

Environment Variables:
PATH=C:\ProgramData\Oracle\Java\javapath;C:\windows\system32;C:\windows;C:\windows\System32\Wbem;C:\windows\System32\WindowsPowerShell\v1.0\;C:\windows\System32\OpenSSH\;C:\Program Files\TortoiseSVN\bin;C:\src\flutter\bin\;C:\Program Files\nodejs\;C:\Users\naveen.kumar3\bin\Sencha\Cmd;C:\Users\naveen.kumar3\AppData\Local\Microsoft\WindowsApps;C:\Users\naveen.kumar3\bin\Sencha\Cmd\7.4.0.45;C:\Users\naveen.kumar3\AppData\Local\Programs\Microsoft VS Code\bin;C:\Users\naveen.kumar3\AppData\Roaming\npm;C:\Users\naveen.kumar3\AppData\Local\Programs\Git\cmd;
USERNAME=naveen.kumar3
OS=Windows_NT
PROCESSOR_IDENTIFIER=Intel64 Family 6 Model 151 Stepping 5, GenuineIntel
TMP=C:\Users\NAVEEN~1.KUM\AppData\Local\Temp
TEMP=C:\Users\NAVEEN~1.KUM\AppData\Local\Temp


JNI global refs:
JNI global refs: 0, weak refs: 0

JNI global refs memory usage: 0, weak refs: 0

OOME stack traces (most recent first):
Classloader memory used:


---------------  S Y S T E M  ---------------

OS:
 Windows 11 , 64 bit Build 22621 (10.0.22621.2506)
OS uptime: 55 days 5:53 hours

CPU: total 12 (initial active 12) (6 cores per cpu, 2 threads per core) family 6 model 151 stepping 5 microcode 0x2e, cx8, cmov, fxsr, ht, mmx, 3dnowpref, sse, sse2, sse3, ssse3, sse4.1, sse4.2, popcnt, lzcnt, tsc, tscinvbit, avx, avx2, aes, erms, clmul, bmi1, bmi2, adx, sha, fma, vzeroupper, clflush, clflushopt, clwb

Memory: 4k page, system-wide physical 16071M (1122M free)
TotalPageFile size 42643M (AvailPageFile size 140M)
current process WorkingSet (physical memory assigned to process): 13M, peak: 13M
current process commit charge ("private bytes"): 66M, peak: 318M

vm_info: OpenJDK 64-Bit Server VM (17.0.7+0-b2043.56-10550314) for windows-amd64 JRE (17.0.7+0-b2043.56-10550314), built on Jul 24 2023 18:27:45 by "androidbuild" with MS VC++ 16.10 / 16.11 (VS2019)

END.
